2025-04-29 15:08:17,171 - INFO - Baixando: 33587453000115_20250427_CN000001.TXT para -> Pasta local
2025-04-29 15:08:18,884 - INFO - Baixando: 33587453000115_20250427_MV000001.TXT para -> Pasta local
2025-04-29 15:08:19,555 - INFO - Baixando: 33587453000115_20250428_CN000001.TXT para -> Pasta local
2025-04-29 15:08:21,183 - INFO - Baixando: 33587453000115_20250428_MV000001.TXT para -> Pasta local
2025-04-29 15:08:21,864 - INFO - Baixando: 33587453000115_20250428_RP000001.TXT para -> Pasta local
2025-04-29 15:08:22,057 - INFO - Ignorado oque não for txt
2025-04-29 15:08:22,758 - INFO - Connected (version 2.0, client mod_sftp/0.9.9)
2025-04-29 15:08:23,451 - INFO - Authentication (password) successful!
2025-04-29 15:08:23,898 - INFO - [chan 0] Opened sftp connection (server version 3)
2025-04-29 15:08:24,406 - INFO -  Enviado: 33587453000115_20250427_CN000001.TXT para -> SFTP BoaVista
2025-04-29 15:08:24,534 - INFO - 33587453000115_20250427_CN000001.TXT enviado para -> catalogador
2025-04-29 15:08:24,535 - INFO - Removido localmente
2025-04-29 15:08:27,784 - INFO -  Enviado: 33587453000115_20250427_MV000001.TXT para -> SFTP BoaVista
2025-04-29 15:08:27,912 - INFO - 33587453000115_20250427_MV000001.TXT enviado para -> catalogador
2025-04-29 15:08:27,913 - INFO - Removido localmente
2025-04-29 15:08:28,419 - INFO -  Enviado: 33587453000115_20250428_CN000001.TXT para -> SFTP BoaVista
2025-04-29 15:08:28,545 - INFO - 33587453000115_20250428_CN000001.TXT enviado para -> catalogador
2025-04-29 15:08:28,546 - INFO - Removido localmente
2025-04-29 15:08:32,951 - INFO -  Enviado: 33587453000115_20250428_MV000001.TXT para -> SFTP BoaVista
2025-04-29 15:08:33,077 - INFO - 33587453000115_20250428_MV000001.TXT enviado para -> catalogador
2025-04-29 15:08:33,077 - INFO - Removido localmente
2025-04-29 15:08:33,586 - INFO -  Enviado: 33587453000115_20250428_RP000001.TXT para -> SFTP BoaVista
2025-04-29 15:08:33,712 - INFO - 33587453000115_20250428_RP000001.TXT enviado para -> catalogador
2025-04-29 15:08:33,712 - INFO - Removido localmente
2025-04-29 15:08:33,712 - INFO - [chan 0] sftp session closed.
2025-04-30 14:44:24,534 - INFO - Baixando: 33587453000115_20250429_CN000001.TXT para -> Pasta local
2025-04-30 14:44:26,445 - INFO - Baixando: 33587453000115_20250429_MV000001.TXT para -> Pasta local
2025-04-30 14:44:27,130 - INFO - Baixando: 33587453000115_20250429_RP000001.TXT para -> Pasta local
2025-04-30 14:44:27,326 - INFO - Ignorado oque não for txt
2025-04-30 14:44:27,696 - INFO - Connected (version 2.0, client mod_sftp/0.9.9)
2025-04-30 14:44:28,492 - INFO - Authentication (password) successful!
2025-04-30 14:44:28,908 - INFO - [chan 0] Opened sftp connection (server version 3)
2025-04-30 14:44:29,473 - INFO -  Enviado: 33587453000115_20250429_CN000001.TXT para -> SFTP BoaVista
2025-04-30 14:44:29,610 - INFO - 33587453000115_20250429_CN000001.TXT enviado para -> catalogador
2025-04-30 14:44:29,610 - INFO - Removido localmente
2025-04-30 14:44:33,123 - INFO -  Enviado: 33587453000115_20250429_MV000001.TXT para -> SFTP BoaVista
2025-04-30 14:44:33,261 - INFO - 33587453000115_20250429_MV000001.TXT enviado para -> catalogador
2025-04-30 14:44:33,262 - INFO - Removido localmente
2025-04-30 14:44:33,819 - INFO -  Enviado: 33587453000115_20250429_RP000001.TXT para -> SFTP BoaVista
2025-04-30 14:44:33,952 - INFO - 33587453000115_20250429_RP000001.TXT enviado para -> catalogador
2025-04-30 14:44:33,953 - INFO - Removido localmente
2025-04-30 14:44:33,953 - INFO - [chan 0] sftp session closed.
