2025-05-09 09:18:45,857 - INFO - Connected (version 2.0, client OpenSSH_7.4)
2025-05-09 09:18:46,364 - INFO - Authentication (password) successful!
2025-05-09 09:18:46,732 - INFO - N達o foi possivel conectar: Garbage packet received
2025-05-09 09:18:46,935 - INFO - Connected (version 2.0, client OpenSSH_7.4)
2025-05-09 09:18:47,488 - INFO - Authentication (password) successful!
2025-05-09 09:21:58,503 - INFO - N達o foi possivel conectar: 'str' object cannot be interpreted as an integer
2025-05-09 09:21:58,853 - INFO - Connected (version 2.0, client OpenSSH_7.4)
2025-05-09 09:22:00,019 - INFO - Authentication (password) successful!
2025-05-09 09:22:42,630 - INFO - N達o foi possivel conectar: 'str' object cannot be interpreted as an integer
2025-05-09 09:22:42,817 - INFO - Connected (version 2.0, client OpenSSH_7.4)
2025-05-09 09:22:43,487 - INFO - Authentication (password) successful!
2025-05-09 09:23:10,840 - INFO - Connected (version 2.0, client OpenSSH_7.4)
2025-05-09 09:23:11,491 - INFO - Authentication (password) successful!
2025-05-09 09:23:11,829 - INFO - N達o foi possivel conectar: Garbage packet received
2025-05-09 09:23:12,027 - INFO - Connected (version 2.0, client OpenSSH_7.4)
2025-05-09 09:23:12,737 - INFO - Authentication (password) successful!
2025-05-09 09:25:07,222 - INFO - Connected (version 2.0, client mod_sftp/0.9.9)
2025-05-09 09:25:07,789 - INFO - Authentication (password) successful!
2025-05-09 09:25:08,060 - INFO - [chan 0] Opened sftp connection (server version 3)
2025-05-09 09:25:17,676 - INFO - []
2025-05-09 09:25:17,676 - INFO - [chan 0] sftp session closed.
2025-05-09 09:25:17,853 - INFO - Connected (version 2.0, client OpenSSH_7.4)
2025-05-09 09:25:18,359 - INFO - Authentication (password) successful!
2025-05-12 08:18:28,061 - INFO - Connected (version 2.0, client mod_sftp/0.9.9)
2025-05-12 08:18:29,119 - INFO - Authentication (password) successful!
2025-05-12 08:18:29,371 - INFO - [chan 0] Opened sftp connection (server version 3)
2025-05-12 08:18:49,669 - INFO - []
2025-05-12 08:18:49,669 - INFO - [chan 0] sftp session closed.
2025-05-12 08:18:50,033 - INFO - Connected (version 2.0, client OpenSSH_7.4)
2025-05-12 08:18:51,002 - INFO - Authentication (password) successful!
2025-05-12 14:10:09,726 - INFO - Connected (version 2.0, client mod_sftp/0.9.9)
2025-05-12 14:10:10,253 - INFO - Authentication (password) successful!
2025-05-12 14:10:10,535 - INFO - [chan 0] Opened sftp connection (server version 3)
2025-05-12 14:10:23,726 - INFO - []
2025-05-12 14:10:23,727 - INFO - [chan 0] sftp session closed.
2025-05-12 14:10:23,932 - INFO - Connected (version 2.0, client OpenSSH_7.4)
2025-05-12 14:10:24,654 - INFO - Authentication (password) successful!
2025-05-13 14:24:19,772 - INFO - Connected (version 2.0, client mod_sftp/0.9.9)
2025-05-13 14:24:20,350 - INFO - Authentication (password) successful!
2025-05-13 14:24:20,624 - INFO - [chan 0] Opened sftp connection (server version 3)
2025-05-13 14:24:30,648 - INFO - []
2025-05-13 14:24:30,649 - INFO - [chan 0] sftp session closed.
2025-05-13 14:24:30,862 - INFO - Connected (version 2.0, client OpenSSH_7.4)
2025-05-13 14:24:31,573 - INFO - Authentication (password) successful!
2025-05-13 14:31:25,265 - INFO - Connected (version 2.0, client mod_sftp/0.9.9)
2025-05-13 14:31:26,200 - INFO - Authentication (password) successful!
2025-05-13 14:31:26,703 - INFO - [chan 0] Opened sftp connection (server version 3)
2025-05-13 14:31:43,913 - INFO - []
2025-05-13 14:31:43,913 - INFO - [chan 0] sftp session closed.
2025-05-13 14:31:44,253 - INFO - Connected (version 2.0, client OpenSSH_7.4)
2025-05-13 14:31:45,352 - INFO - Authentication (password) successful!
2025-05-25 16:29:58,549 - INFO - Connected (version 2.0, client mod_sftp/0.9.9)
2025-05-25 16:29:59,356 - INFO - Authentication (password) successful!
2025-05-25 16:29:59,771 - INFO - [chan 0] Opened sftp connection (server version 3)
2025-05-25 16:30:18,125 - INFO - ['PIX_237_341691317__DDMMYYYY_059.RET', 'PIX_237_341691317__DDMMYYYY_2153.RET']
2025-05-25 16:30:18,405 - INFO -  Erro ao mover arquivo PIX_237_341691317__DDMMYYYY_059.RET: [Errno 2] No such file
2025-05-25 16:30:18,681 - INFO -  Erro ao mover arquivo PIX_237_341691317__DDMMYYYY_2153.RET: [Errno 2] No such file
2025-05-25 16:30:18,681 - INFO - [chan 0] sftp session closed.
2025-05-25 16:30:18,964 - INFO - Connected (version 2.0, client OpenSSH_7.4)
2025-05-25 16:30:19,924 - INFO - Authentication (password) successful!
2025-05-25 16:30:50,053 - INFO - Connected (version 2.0, client mod_sftp/0.9.9)
2025-05-25 16:30:50,844 - INFO - Authentication (password) successful!
2025-05-25 16:30:51,257 - INFO - [chan 0] Opened sftp connection (server version 3)
2025-05-25 16:31:06,875 - INFO - ['PIX_237_341691317__DDMMYYYY_059.RET', 'PIX_237_341691317__DDMMYYYY_2153.RET']
2025-05-25 16:31:07,153 - INFO -  Erro ao mover arquivo PIX_237_341691317__DDMMYYYY_059.RET: [Errno 2] No such file
2025-05-25 16:31:07,432 - INFO -  Erro ao mover arquivo PIX_237_341691317__DDMMYYYY_2153.RET: [Errno 2] No such file
2025-05-25 16:31:07,433 - INFO - [chan 0] sftp session closed.
2025-05-25 16:31:07,717 - INFO - Connected (version 2.0, client OpenSSH_7.4)
2025-05-25 16:31:08,504 - INFO - Authentication (password) successful!
2025-05-25 16:31:33,965 - INFO - Connected (version 2.0, client mod_sftp/0.9.9)
2025-05-25 16:31:34,705 - INFO - Authentication (password) successful!
2025-05-25 16:31:35,091 - INFO - [chan 0] Opened sftp connection (server version 3)
2025-05-25 16:31:49,571 - INFO - ['PIX_237_341691317__DDMMYYYY_059.RET', 'PIX_237_341691317__DDMMYYYY_2153.RET']
2025-05-25 16:31:49,821 - INFO -  Erro ao mover arquivo PIX_237_341691317__DDMMYYYY_059.RET: [Errno 2] No such file
2025-05-25 16:31:50,076 - INFO -  Erro ao mover arquivo PIX_237_341691317__DDMMYYYY_2153.RET: [Errno 2] No such file
2025-05-25 16:31:50,076 - INFO - [chan 0] sftp session closed.
2025-05-25 16:31:50,357 - INFO - Connected (version 2.0, client OpenSSH_7.4)
2025-05-25 16:31:51,293 - INFO - Authentication (password) successful!
